<?xml version="1.0" encoding="UTF-8"?>
<!-- Generated by org.testng.reporters.JUnitReportReporter -->
<testsuite skipped="0" hostname="DESKTOP-D69MGO4" name="test.Logintest" tests="1" failures="0" timestamp="2021-05-26T22:10:00 CDT" time="4.351" errors="0">
  <testcase name="loginTest" time="4.351" classname="test.Logintest"/>
  <system-out/>
</testsuite> <!-- test.Logintest -->
