<?xml version="1.0" encoding="UTF-8"?>
<!-- Generated by org.testng.reporters.JUnitReportReporter -->
<testsuite skipped="0" hostname="DESKTOP-D69MGO4" name="test.AddCustomerTest" tests="1" failures="0" timestamp="2021-05-27T12:08:59 CDT" time="8.053" errors="0">
  <testcase name="validCustomerShouldBeAbleToCreateCustomer" time="8.053" classname="test.AddCustomerTest"/>
  <system-out/>
</testsuite> <!-- test.AddCustomerTest -->
